251110 08:29:34 mysqld_safe Starting mariadbd daemon with databases from /var/lib/mysql
251110 08:29:34 mysqld_safe WSREP: Running position recovery with --disable-log-error  --pid-file='/var/lib/mysql/galera1-recover.pid'
251110 08:29:35 mysqld_safe WSREP: Recovered position 00000000-0000-0000-0000-000000000000:-1
2025-11-10  8:29:35 0 [Note] Starting MariaDB 10.11.14-MariaDB-ubu2204 source revision 053f9bcb5b147bf00edb99e1310bae9125b7f125 server_uid 2cElDfbRggfxPmgV9ADTPBprreY= as process 223
2025-11-10  8:29:35 0 [Note] WSREP: Loading provider /usr/lib/galera/libgalera_smm.so initial position: 00000000-0000-0000-0000-000000000000:-1
2025-11-10  8:29:35 0 [Note] WSREP: wsrep_load(): loading provider library '/usr/lib/galera/libgalera_smm.so'
2025-11-10  8:29:35 0 [Note] WSREP: wsrep_load(): Galera 26.4.23(re792f3e4) by Codership Oy <info@codership.com> loaded successfully.
2025-11-10  8:29:35 0 [Note] WSREP: Initializing allowlist service v1
2025-11-10  8:29:35 0 [Note] WSREP: Resolved symbol 'wsrep_node_isolation_mode_set_v1'
2025-11-10  8:29:35 0 [Note] WSREP: Symbol 'wsrep_certify_v1' not found from provider
2025-11-10  8:29:35 0 [Note] WSREP: CRC-32C: using 64-bit x86 acceleration.
2025-11-10  8:29:35 0 [Warning] WSREP: Could not open state file for reading: '/var/lib/mysql//grastate.dat'
2025-11-10  8:29:35 0 [Note] WSREP: Found saved state: 00000000-0000-0000-0000-000000000000:-1, safe_to_bootstrap: 1
2025-11-10  8:29:35 0 [Note] WSREP: GCache DEBUG: opened preamble:
Version: 0
UUID: 00000000-0000-0000-0000-000000000000
Seqno: -1 - -1
Offset: -1
Synced: 0
2025-11-10  8:29:35 0 [Note] WSREP: Skipped GCache ring buffer recovery: could not determine history UUID.
2025-11-10  8:29:35 0 [Note] WSREP: Passing config to GCS: base_dir = /var/lib/mysql/; base_host = 172.28.0.11; base_port = 4567; cert.log_conflicts = no; cert.optimistic_pa = yes; debug = no; evs.auto_evict = 0; evs.delay_margin = PT1S; evs.delayed_keep_period = PT30S; evs.inactive_check_period = PT0.5S; evs.inactive_timeout = PT15S; evs.join_retrans_period = PT1S; evs.max_install_timeouts = 3; evs.send_window = 4; evs.stats_report_period = PT1M; evs.suspect_timeout = PT5S; evs.user_send_window = 2; evs.view_forget_timeout = PT24H; gcache.dir = /var/lib/mysql/; gcache.keep_pages_size = 0; gcache.keep_plaintext_size = 128M; gcache.mem_size = 0; gcache.name = galera.cache; gcache.page_size = 128M; gcache.recover = yes; gcache.size = 128M; gcomm.thread_prio = ; gcs.fc_debug = 0; gcs.fc_factor = 1.0; gcs.fc_limit = 16; gcs.fc_master_slave = no; gcs.fc_single_primary = no; gcs.max_packet_size = 64500; gcs.max_throttle = 0.25; gcs.recv_q_hard_limit = 9223372036854775807; gcs.recv_q_soft_limit = 0.25; gcs.sync_donor = no; gmcast.segment = 0; 
2025-11-10  8:29:35 0 [Note] WSREP: Start replication
2025-11-10  8:29:35 0 [Note] WSREP: Connecting with bootstrap option: 0
2025-11-10  8:29:35 0 [Note] WSREP: Setting GCS initial position to 00000000-0000-0000-0000-000000000000:-1
2025-11-10  8:29:35 0 [Note] WSREP: protonet asio version 0
2025-11-10  8:29:35 0 [Note] WSREP: Using CRC-32C for message checksums.
2025-11-10  8:29:35 0 [Note] WSREP: backend: asio
2025-11-10  8:29:35 0 [Note] WSREP: gcomm thread scheduling priority set to other:0 
2025-11-10  8:29:35 0 [Note] WSREP: access file(/var/lib/mysql//gvwstate.dat) failed(No such file or directory)
2025-11-10  8:29:35 0 [Note] WSREP: restore pc from disk failed
2025-11-10  8:29:35 0 [Note] WSREP: GMCast version 0
2025-11-10  8:29:35 0 [Note] WSREP: (6382c2b0-820b, 'tcp://0.0.0.0:4567') listening at tcp://0.0.0.0:4567
2025-11-10  8:29:35 0 [Note] WSREP: (6382c2b0-820b, 'tcp://0.0.0.0:4567') multicast: , ttl: 1
2025-11-10  8:29:35 0 [Note] WSREP: EVS version 1
2025-11-10  8:29:35 0 [Note] WSREP: gcomm: connecting to group 'galera_cluster', peer 'galera1:,galera2:,galera3:'
2025-11-10  8:29:35 0 [Note] WSREP: Failed to establish connection: Connection refused
2025-11-10  8:29:35 0 [Note] WSREP: Failed to establish connection: Connection refused
2025-11-10  8:29:35 0 [Note] WSREP: (6382c2b0-820b, 'tcp://0.0.0.0:4567') Found matching local endpoint for a connection, blacklisting address tcp://172.28.0.11:4567
2025-11-10  8:29:35 0 [Note] WSREP: (6382c2b0-820b, 'tcp://0.0.0.0:4567') connection established to 63b82a07-bde9 tcp://172.28.0.13:4567
2025-11-10  8:29:35 0 [Note] WSREP: (6382c2b0-820b, 'tcp://0.0.0.0:4567') connection established to 63bae237-8592 tcp://172.28.0.12:4567
2025-11-10  8:29:36 0 [Note] WSREP: EVS version upgrade 0 -> 1
2025-11-10  8:29:36 0 [Note] WSREP: PC protocol upgrade 0 -> 1
2025-11-10  8:29:36 0 [Note] WSREP: No nodes coming from primary view, primary view is not possible
2025-11-10  8:29:36 0 [Note] WSREP: view(view_id(NON_PRIM,6382c2b0-820b,1) memb {
	6382c2b0-820b,0
} joined {
} left {
} partitioned {
})
2025-11-10  8:29:36 0 [Note] WSREP: declaring 63b82a07-bde9 at tcp://172.28.0.13:4567 stable
2025-11-10  8:29:36 0 [Note] WSREP: No nodes coming from primary view, primary view is not possible
2025-11-10  8:29:36 0 [Note] WSREP: view(view_id(NON_PRIM,6382c2b0-820b,2) memb {
	6382c2b0-820b,0
	63b82a07-bde9,0
} joined {
} left {
} partitioned {
})
2025-11-10  8:29:37 0 [Warning] WSREP: last inactive check more than PT1.5S ago (PT1.8697S), skipping check
2025-11-10  8:29:38 0 [Note] WSREP: declaring 63b82a07-bde9 at tcp://172.28.0.13:4567 stable
2025-11-10  8:29:38 0 [Note] WSREP: declaring 63bae237-8592 at tcp://172.28.0.12:4567 stable
2025-11-10  8:29:38 0 [Note] WSREP: (6382c2b0-820b, 'tcp://0.0.0.0:4567') turning message relay requesting off
2025-11-10  8:29:39 0 [Note] WSREP: No nodes coming from primary view, primary view is not possible
2025-11-10  8:29:39 0 [Note] WSREP: view(view_id(NON_PRIM,6382c2b0-820b,3) memb {
	6382c2b0-820b,0
	63b82a07-bde9,0
	63bae237-8592,0
} joined {
} left {
} partitioned {
})
